# IPython log file

# Mon, 10 Dec 2018 20:54:39
1.  I would like to be able to run a program that can tell me all the deserts I can make from the items I have in my fridge and pantry reliably.
# Mon, 10 Dec 2018 20:55:01
#1.  I would like to be able to run a program that can tell me all the deserts I can make from the items I have in my fridge and pantry reliably.
# Mon, 10 Dec 2018 20:56:25
#2.  Strings, floats, int
# Mon, 10 Dec 2018 20:59:33
#3.  In the ipython shell, you can't define definitions.  In the code editor, you can define much more and have many more capabilities.
# Mon, 10 Dec 2018 21:01:42
#4.  You can refer to it as many times as you want.
# Mon, 10 Dec 2018 21:02:08
%run 1.3.2/agrawal_1.3.2.py
# Mon, 10 Dec 2018 21:03:57
%run 1.3.2/agrawal_1.3.2.py
# Mon, 10 Dec 2018 21:04:24
%run 1.3.2/agrawal_1.3.2.py
# Mon, 10 Dec 2018 21:08:10
%run 1.3.2/agrawal_1.3.2.py
# Mon, 10 Dec 2018 21:09:46
%run 1.3.2/agrawal_1.3.2.py
# Mon, 10 Dec 2018 21:11:09
#5.  I got all the functions used to test them all.  This may be the last question because it wraps everything up taught in the lesson.
# Mon, 10 Dec 2018 21:11:12
%run 1.3.2/agrawal_1.3.2.py
# Mon, 10 Dec 2018 21:11:17
%run 1.3.2/agrawal_1.3.2.py
# Mon, 10 Dec 2018 21:13:37
%run 1.3.2/agrawal_1.3.2.py
# Mon, 10 Dec 2018 21:14:22
%run 1.3.2/agrawal_1.3.2.py
# Mon, 10 Dec 2018 21:14:26
%run 1.3.2/agrawal_1.3.2.py
# Mon, 10 Dec 2018 21:14:27
%run 1.3.2/agrawal_1.3.2.py
# Mon, 10 Dec 2018 21:14:28
%run 1.3.2/agrawal_1.3.2.py
# Mon, 10 Dec 2018 21:14:28
%run 1.3.2/agrawal_1.3.2.py
# Mon, 10 Dec 2018 21:15:10
%run 1.3.2/agrawal_1.3.2.py
